\BOOKMARK [0][-]{chapter.1}{Introduction}{}% 1
\BOOKMARK [1][-]{section.1.1}{What\040is\040the\040RFEM-Plugin?}{chapter.1}% 2
\BOOKMARK [1][-]{section.1.2}{Functionality\040covered\040by\040the\040RFEM-Plugin}{chapter.1}% 3
\BOOKMARK [1][-]{section.1.3}{Project}{chapter.1}% 4
\BOOKMARK [1][-]{section.1.4}{Authors}{chapter.1}% 5
\BOOKMARK [1][-]{section.1.5}{Getting\040help}{chapter.1}% 6
\BOOKMARK [0][-]{chapter.2}{Getting\040started\040with\040the\040RFEM\040Plugin}{}% 7
\BOOKMARK [1][-]{section.2.1}{Installing\040the\040SIMULTAN-Editor}{chapter.2}% 8
\BOOKMARK [1][-]{section.2.2}{Installing\040the\040RFEM\040Plugin}{chapter.2}% 9
\BOOKMARK [1][-]{section.2.3}{Run\040the\040example}{chapter.2}% 10
\BOOKMARK [0][-]{chapter.3}{Setting\040up\040a\040problem}{}% 11
\BOOKMARK [1][-]{section.3.1}{Structural\040analysis\040component}{chapter.3}% 12
\BOOKMARK [1][-]{section.3.2}{Geometrical\040modelling}{chapter.3}% 13
\BOOKMARK [2][-]{subsection.3.2.1}{Modelling\040guidelines}{section.3.2}% 14
\BOOKMARK [1][-]{section.3.3}{User\040Interface}{chapter.3}% 15
\BOOKMARK [2][-]{subsection.3.3.1}{Creating\040a\040new\040member}{section.3.3}% 16
\BOOKMARK [2][-]{subsection.3.3.2}{Creating\040a\040load}{section.3.3}% 17
\BOOKMARK [3][-]{subsubsection*.3}{Varying\040Loads}{subsection.3.3.2}% 18
\BOOKMARK [2][-]{subsection.3.3.3}{Creating\040Supports}{section.3.3}% 19
\BOOKMARK [1][-]{section.3.4}{Connecting\040components\040with\040the\040geometry}{chapter.3}% 20
\BOOKMARK [2][-]{subsection.3.4.1}{Surfaces}{section.3.4}% 21
\BOOKMARK [2][-]{subsection.3.4.2}{Members}{section.3.4}% 22
\BOOKMARK [2][-]{subsection.3.4.3}{Supports}{section.3.4}% 23
\BOOKMARK [2][-]{subsection.3.4.4}{Loads}{section.3.4}% 24
\BOOKMARK [0][-]{chapter.4}{Running\040a\040simulation}{}% 25
\BOOKMARK [1][-]{section.4.1}{Exporting\040the\040SIMULTAN-model\040to\040RFEM}{chapter.4}% 26
\BOOKMARK [1][-]{section.4.2}{Importing\040into\040RFEM}{chapter.4}% 27
\BOOKMARK [1][-]{section.4.3}{Running\040a\040simulation\040in\040RFEM}{chapter.4}% 28
\BOOKMARK [0][-]{chapter.5}{Results\040of\040the\040simulation}{}% 29
\BOOKMARK [1][-]{section.5.1}{Visual\040results}{chapter.5}% 30
\BOOKMARK [1][-]{section.5.2}{Additional\040information}{chapter.5}% 31
\BOOKMARK [0][-]{chapter.6}{SIMULTAN\040Datastructure\040to\040incorporate\040the\040RFEM\040Data\040model}{}% 32
\BOOKMARK [1][-]{section.6.1}{Digital\040Twin\040and\040data\040model\040for\040structural\040analysis}{chapter.6}% 33
\BOOKMARK [1][-]{section.6.2}{Structural\040Analysis\040Component\040in\040depth}{chapter.6}% 34
\BOOKMARK [1][-]{section.6.3}{Data\040modelling\040decisions\040for\040data\040representation}{chapter.6}% 35
\BOOKMARK [0][-]{chapter.7}{Copyright\040and\040license\040agreements}{}% 36
\BOOKMARK [0][-]{chapter.8}{References}{}% 37
\BOOKMARK [0][-]{chapter*.4}{Bibliography}{}% 38
